[    0.000000] Linux version 4.15.0-118-generic (buildd@lgw01-amd64-039) (gcc version 7.5.0 (Ubuntu 7.5.0-3ubuntu1~18.04)) #119-Ubuntu SMP Tue Sep 8 12:30:01 UTC 2020 (Ubuntu 4.15.0-118.119-generic 4.15.18)
[    0.000000] Command line: BOOT_IMAGE=/boot/vmlinuz-4.15.0-118-generic root=LABEL=cloudimg-rootfs ro console=tty1 console=ttyS0
[    0.000000] KERNEL supported cpus:
[    0.000000]   Intel GenuineIntel
[    0.000000]   AMD AuthenticAMD
[    0.000000]   Centaur CentaurHauls
[    0.000000] x86/fpu: x87 FPU will use FXSAVE
[    0.000000] e820: BIOS-provided physical RAM map:
[    0.000000] BIOS-e820: [mem 0x0000000000000000-0x000000000009fbff] usable
[    0.000000] BIOS-e820: [mem 0x000000000009fc00-0x000000000009ffff] reserved
[    0.000000] BIOS-e820: [mem 0x00000000000f0000-0x00000000000fffff] reserved
[    0.000000] BIOS-e820: [mem 0x0000000000100000-0x000000003ffeffff] usable
[    0.000000] BIOS-e820: [mem 0x000000003fff0000-0x000000003fffffff] ACPI data
[    0.000000] BIOS-e820: [mem 0x00000000fec00000-0x00000000fec00fff] reserved
[    0.000000] BIOS-e820: [mem 0x00000000fee00000-0x00000000fee00fff] reserved
[    0.000000] BIOS-e820: [mem 0x00000000fffc0000-0x00000000ffffffff] reserved
[    0.000000] NX (Execute Disable) protection: active
[    0.000000] SMBIOS 2.5 present.
[    0.000000] DMI: innotek GmbH VirtualBox/VirtualBox, BIOS VirtualBox 12/01/2006
[    0.000000] Hypervisor detected: KVM
[    0.000000] e820: last_pfn = 0x3fff0 max_arch_pfn = 0x400000000
[    0.000000] MTRR: Disabled
[    0.000000] x86/PAT: MTRRs disabled, skipping PAT initialization too.
[    0.000000] CPU MTRRs all blank - virtualized system.
[    0.000000] x86/PAT: Configuration [0-7]: WB  WT  UC- UC  WB  WT  UC- UC  
[    0.000000] found SMP MP-table at [mem 0x0009fff0-0x0009ffff]
[    0.000000] Scanning 1 areas for low memory corruption
[    0.000000] RAMDISK: [mem 0x35951000-0x36c9ffff]
[    0.000000] ACPI: Early table checksum verification disabled
[    0.000000] ACPI: RSDP 0x00000000000E0000 000024 (v02 VBOX  )
[    0.000000] ACPI: XSDT 0x000000003FFF0030 00003C (v01 VBOX   VBOXXSDT 00000001 ASL  00000061)
[    0.000000] ACPI: FACP 0x000000003FFF00F0 0000F4 (v04 VBOX   VBOXFACP 00000001 ASL  00000061)
[    0.000000] ACPI: DSDT 0x000000003FFF0470 002325 (v02 VBOX   VBOXBIOS 00000002 INTL 20100528)
[    0.000000] ACPI: FACS 0x000000003FFF0200 000040
[    0.000000] ACPI: FACS 0x000000003FFF0200 000040
[    0.000000] ACPI: APIC 0x000000003FFF0240 000054 (v02 VBOX   VBOXAPIC 00000001 ASL  00000061)
[    0.000000] ACPI: SSDT 0x000000003FFF02A0 0001CC (v01 VBOX   VBOXCPUT 00000002 INTL 20100528)
[    0.000000] No NUMA configuration found
[    0.000000] Faking a node at [mem 0x0000000000000000-0x000000003ffeffff]
[    0.000000] NODE_DATA(0) allocated [mem 0x3ffc5000-0x3ffeffff]
[    0.000000] kvm-clock: cpu 0, msr 0:3ff44001, primary cpu clock
[    0.000000] kvm-clock: Using msrs 4b564d01 and 4b564d00
[    0.000000] kvm-clock: using sched offset of 5742520164 cycles
[    0.000000] clocksource: kvm-clock: mask: 0xffffffffffffffff max_cycles: 0x1cd42e4dffb, max_idle_ns: 881590591483 ns
[    0.000000] Zone ranges:
[    0.000000]   DMA      [mem 0x0000000000001000-0x0000000000ffffff]
[    0.000000]   DMA32    [mem 0x0000000001000000-0x000000003ffeffff]
[    0.000000]   Normal   empty
[    0.000000]   Device   empty
[    0.000000] Movable zone start for each node
[    0.000000] Early memory node ranges
[    0.000000]   node   0: [mem 0x0000000000001000-0x000000000009efff]
[    0.000000]   node   0: [mem 0x0000000000100000-0x000000003ffeffff]
[    0.000000] Reserved but unavailable: 98 pages
[    0.000000] Initmem setup node 0 [mem 0x0000000000001000-0x000000003ffeffff]
[    0.000000] ACPI: PM-Timer IO Port: 0x4008
[    0.000000] IOAPIC[0]: apic_id 1, version 32, address 0xfec00000, GSI 0-23
[    0.000000] ACPI: INT_SRC_OVR (bus 0 bus_irq 0 global_irq 2 dfl dfl)
[    0.000000] ACPI: INT_SRC_OVR (bus 0 bus_irq 9 global_irq 9 low level)
[    0.000000] Using ACPI (MADT) for SMP configuration information
[    0.000000] smpboot: Allowing 1 CPUs, 0 hotplug CPUs
[    0.000000] PM: Registered nosave memory: [mem 0x00000000-0x00000fff]
[    0.000000] PM: Registered nosave memory: [mem 0x0009f000-0x0009ffff]
[    0.000000] PM: Registered nosave memory: [mem 0x000a0000-0x000effff]
[    0.000000] PM: Registered nosave memory: [mem 0x000f0000-0x000fffff]
[    0.000000] e820: [mem 0x40000000-0xfebfffff] available for PCI devices
[    0.000000] Booting paravirtualized kernel on KVM
[    0.000000] clocksource: refined-jiffies: mask: 0xffffffff max_cycles: 0xffffffff, max_idle_ns: 7645519600211568 ns
[    0.000000] random: get_random_bytes called from start_kernel+0x99/0x500 with crng_init=0
[    0.000000] setup_percpu: NR_CPUS:8192 nr_cpumask_bits:1 nr_cpu_ids:1 nr_node_ids:1
[    0.000000] percpu: Embedded 45 pages/cpu s147456 r8192 d28672 u2097152
[    0.000000] PV qspinlock hash table entries: 256 (order: 0, 4096 bytes)
[    0.000000] Built 1 zonelists, mobility grouping on.  Total pages: 257913
[    0.000000] Policy zone: DMA32
[    0.000000] Kernel command line: BOOT_IMAGE=/boot/vmlinuz-4.15.0-118-generic root=LABEL=cloudimg-rootfs ro console=tty1 console=ttyS0
[    0.000000] Memory: 982656K/1048120K available (12300K kernel code, 2482K rwdata, 4272K rodata, 2436K init, 2724K bss, 65464K reserved, 0K cma-reserved)
[    0.000000] SLUB: HWalign=64, Order=0-3, MinObjects=0, CPUs=1, Nodes=1
[    0.000000] ftrace: allocating 39396 entries in 154 pages
[    0.004000] Hierarchical RCU implementation.
[    0.004000] 	RCU restricting CPUs from NR_CPUS=8192 to nr_cpu_ids=1.
[    0.004000] 	Tasks RCU enabled.
[    0.004000] RCU: Adjusting geometry for rcu_fanout_leaf=16, nr_cpu_ids=1
[    0.004000] NR_IRQS: 524544, nr_irqs: 256, preallocated irqs: 16
[    0.004000] Console: colour VGA+ 80x25
[    0.004000] console [tty1] enabled
[    0.004000] console [ttyS0] enabled
[    0.004000] ACPI: Core revision 20170831
[    0.004000] ACPI: 2 ACPI AML tables successfully acquired and loaded
[    0.004000] APIC: Switch to symmetric I/O mode setup
[    0.008000] ..TIMER: vector=0x30 apic1=0 pin1=2 apic2=-1 pin2=-1
[    0.008008] tsc: Detected 1992.006 MHz processor
[    0.012014] Calibrating delay loop (skipped) preset value.. 3984.01 BogoMIPS (lpj=7968024)
[    0.016012] pid_max: default: 32768 minimum: 301
[    0.020077] Security Framework initialized
[    0.024008] Yama: becoming mindful.
[    0.028033] AppArmor: AppArmor initialized
[    0.041936] Dentry cache hash table entries: 131072 (order: 8, 1048576 bytes)
[    0.046392] Inode-cache hash table entries: 65536 (order: 7, 524288 bytes)
[    0.048152] Mount-cache hash table entries: 2048 (order: 2, 16384 bytes)
[    0.052095] Mountpoint-cache hash table entries: 2048 (order: 2, 16384 bytes)
[    0.060409] Last level iTLB entries: 4KB 64, 2MB 8, 4MB 8
[    0.064007] Last level dTLB entries: 4KB 64, 2MB 0, 4MB 0, 1GB 4
[    0.068008] Spectre V1 : Mitigation: usercopy/swapgs barriers and __user pointer sanitization
[    0.072006] Spectre V2 : Mitigation: Full generic retpoline
[    0.076005] Spectre V2 : Spectre v2 / SpectreRSB mitigation: Filling RSB on context switch
[    0.080007] Speculative Store Bypass: Vulnerable
[    0.084061] MDS: Mitigation: Clear CPU buffers
[    0.096025] Freeing SMP alternatives memory: 36K
[    0.212491] smpboot: CPU0: Intel(R) Core(TM) i7-8565U CPU @ 1.80GHz (family: 0x6, model: 0x8e, stepping: 0xb)
[    0.216554] Performance Events: unsupported p6 CPU model 142 no PMU driver, software events only.
[    0.220134] Hierarchical SRCU implementation.
[    0.224960] NMI watchdog: Perf event create on CPU 0 failed with -2
[    0.228006] NMI watchdog: Perf NMI watchdog permanently disabled
[    0.232311] smp: Bringing up secondary CPUs ...
[    0.236007] smp: Brought up 1 node, 1 CPU
[    0.240007] smpboot: Max logical packages: 1
[    0.244096] smpboot: Total of 1 processors activated (3984.01 BogoMIPS)
[    0.248396] devtmpfs: initialized
[    0.252144] x86/mm: Memory block size: 128MB
[    0.256591] evm: security.selinux
[    0.260011] evm: security.SMACK64
[    0.263313] evm: security.SMACK64EXEC
[    0.264006] evm: security.SMACK64TRANSMUTE
[    0.268006] evm: security.SMACK64MMAP
[    0.272007] evm: security.apparmor
[    0.276007] evm: security.ima
[    0.280008] evm: security.capability
[    0.288217] clocksource: jiffies: mask: 0xffffffff max_cycles: 0xffffffff, max_idle_ns: 7645041785100000 ns
[    0.292026] futex hash table entries: 256 (order: 2, 16384 bytes)
[    0.296180] pinctrl core: initialized pinctrl subsystem
[    0.300557] RTC time:  9:17:09, date: 11/17/20
[    0.304703] NET: Registered protocol family 16
[    0.308170] audit: initializing netlink subsys (disabled)
[    0.313075] cpuidle: using governor ladder
[    0.316013] audit: type=2000 audit(1605604637.083:1): state=initialized audit_enabled=0 res=1
[    0.320017] cpuidle: using governor menu
[    0.324063] ACPI: bus type PCI registered
[    0.328008] acpiphp: ACPI Hot Plug PCI Controller Driver version: 0.5
[    0.332570] PCI: Using configuration type 1 for base access
[    0.341690] HugeTLB registered 2.00 MiB page size, pre-allocated 0 pages
[    0.345217] ACPI: Added _OSI(Module Device)
[    0.348019] ACPI: Added _OSI(Processor Device)
[    0.352009] ACPI: Added _OSI(3.0 _SCP Extensions)
[    0.356010] ACPI: Added _OSI(Processor Aggregator Device)
[    0.360040] ACPI: Added _OSI(Linux-Dell-Video)
[    0.364023] ACPI: Added _OSI(Linux-Lenovo-NV-HDMI-Audio)
[    0.368012] ACPI: Added _OSI(Linux-HPI-Hybrid-Graphics)
[    0.376031] ACPI: Executed 1 blocks of module-level executable AML code
[    0.388875] ACPI: Interpreter enabled
[    0.392029] ACPI: (supports S0 S5)
[    0.396008] ACPI: Using IOAPIC for interrupt routing
[    0.400550] PCI: Using host bridge windows from ACPI; if necessary, use "pci=nocrs" and report a bug
[    0.404265] ACPI: Enabled 2 GPEs in block 00 to 07
[    0.422364] ACPI: PCI Root Bridge [PCI0] (domain 0000 [bus 00-ff])
[    0.424031] acpi PNP0A03:00: _OSC: OS supports [ASPM ClockPM Segments MSI]
[    0.428980] acpi PNP0A03:00: _OSC: not requesting OS control; OS requires [ExtendedConfig ASPM ClockPM MSI]
[    0.432024] acpi PNP0A03:00: fail to add MMCONFIG information, can't access extended PCI configuration space under this bridge.
[    0.436736] PCI host bridge to bus 0000:00
[    0.440011] pci_bus 0000:00: root bus resource [io  0x0000-0x0cf7 window]
[    0.444012] pci_bus 0000:00: root bus resource [io  0x0d00-0xffff window]
[    0.448012] pci_bus 0000:00: root bus resource [mem 0x000a0000-0x000bffff window]
[    0.452011] pci_bus 0000:00: root bus resource [mem 0x40000000-0xfdffffff window]
[    0.456011] pci_bus 0000:00: root bus resource [bus 00-ff]
[    0.466929] pci 0000:00:01.1: legacy IDE quirk: reg 0x10: [io  0x01f0-0x01f7]
[    0.468009] pci 0000:00:01.1: legacy IDE quirk: reg 0x14: [io  0x03f6]
[    0.472010] pci 0000:00:01.1: legacy IDE quirk: reg 0x18: [io  0x0170-0x0177]
[    0.476011] pci 0000:00:01.1: legacy IDE quirk: reg 0x1c: [io  0x0376]
[    0.560100] pci 0000:00:07.0: quirk: [io  0x4000-0x403f] claimed by PIIX4 ACPI
[    0.564033] pci 0000:00:07.0: quirk: [io  0x4100-0x410f] claimed by PIIX4 SMB
[    0.588939] ACPI: PCI Interrupt Link [LNKA] (IRQs 5 9 10 *11)
[    0.592698] ACPI: PCI Interrupt Link [LNKB] (IRQs 5 9 *10 11)
[    0.596262] ACPI: PCI Interrupt Link [LNKC] (IRQs 5 *9 10 11)
[    0.600207] ACPI: PCI Interrupt Link [LNKD] (IRQs 5 9 10 *11)
[    0.608511] SCSI subsystem initialized
[    0.612336] pci 0000:00:02.0: vgaarb: setting as boot VGA device
[    0.616000] pci 0000:00:02.0: vgaarb: VGA device added: decodes=io+mem,owns=io+mem,locks=none
[    0.616011] pci 0000:00:02.0: vgaarb: bridge control possible
[    0.620007] vgaarb: loaded
[    0.624120] ACPI: bus type USB registered
[    0.628043] usbcore: registered new interface driver usbfs
[    0.632064] usbcore: registered new interface driver hub
[    0.636034] usbcore: registered new device driver usb
[    0.640235] EDAC MC: Ver: 3.0.0
[    0.644943] PCI: Using ACPI for IRQ routing
[    0.648743] NetLabel: Initializing
[    0.652006] NetLabel:  domain hash size = 128
[    0.656005] NetLabel:  protocols = UNLABELED CIPSOv4 CALIPSO
[    0.660154] NetLabel:  unlabeled traffic allowed by default
[    0.664360] clocksource: Switched to clocksource kvm-clock
[    0.742523] VFS: Disk quotas dquot_6.6.0
[    0.746220] VFS: Dquot-cache hash table entries: 512 (order 0, 4096 bytes)
[    0.753281] AppArmor: AppArmor Filesystem Enabled
[    0.757686] pnp: PnP ACPI init
[    0.762631] pnp: PnP ACPI: found 3 devices
[    0.776685] clocksource: acpi_pm: mask: 0xffffff max_cycles: 0xffffff, max_idle_ns: 2085701024 ns
[    0.785434] NET: Registered protocol family 2
[    0.790760] TCP established hash table entries: 8192 (order: 4, 65536 bytes)
[    0.798446] TCP bind hash table entries: 8192 (order: 5, 131072 bytes)
[    0.805856] TCP: Hash tables configured (established 8192 bind 8192)
[    0.816031] UDP hash table entries: 512 (order: 2, 16384 bytes)
[    0.823543] UDP-Lite hash table entries: 512 (order: 2, 16384 bytes)
[    0.831421] NET: Registered protocol family 1
[    0.836732] pci 0000:00:00.0: Limiting direct PCI/PCI transfers
[    0.842263] pci 0000:00:01.0: Activating ISA DMA hang workarounds
[    0.848030] pci 0000:00:02.0: Video device with shadowed ROM at [mem 0x000c0000-0x000dffff]
[    0.861493] Unpacking initramfs...
[    1.604267] Freeing initrd memory: 19772K
[    1.610973] clocksource: tsc: mask: 0xffffffffffffffff max_cycles: 0x396d5dac02a, max_idle_ns: 881590811122 ns
[    1.622231] platform rtc_cmos: registered platform RTC device (no PNP device found)
[    1.629612] Scanning for low memory corruption every 60 seconds
[    1.635832] Initialise system trusted keyrings
[    1.641027] Key type blacklist registered
[    1.644846] workingset: timestamp_bits=36 max_order=18 bucket_order=0
[    1.654077] zbud: loaded
[    1.657774] squashfs: version 4.0 (2009/01/31) Phillip Lougher
[    1.663417] fuse init (API version 7.26)
[    1.674856] Key type asymmetric registered
[    1.678852] Asymmetric key parser 'x509' registered
[    1.684445] Block layer SCSI generic (bsg) driver version 0.4 loaded (major 246)
[    1.691360] io scheduler noop registered
[    1.695302] io scheduler deadline registered
[    1.700591] io scheduler cfq registered (default)
[    1.705946] ACPI: AC Adapter [AC] (on-line)
[    1.710333] input: Power Button as /devices/LNXSYSTM:00/LNXPWRBN:00/input/input0
[    1.717389] ACPI: Power Button [PWRF]
[    1.721812] input: Sleep Button as /devices/LNXSYSTM:00/LNXSLPBN:00/input/input1
[    1.729065] ACPI: Sleep Button [SLPF]
[    1.734625] ACPI: Battery Slot [BAT0] (battery present)
[    1.740560] Serial: 8250/16550 driver, 32 ports, IRQ sharing enabled
[    1.778745] 00:02: ttyS0 at I/O 0x3f8 (irq = 4, base_baud = 115200) is a 16550A
[    1.789632] Linux agpgart interface v0.103
[    1.800973] loop: module loaded
[    1.809254] scsi host0: ata_piix
[    1.812815] scsi host1: ata_piix
[    1.815700] ata1: PATA max UDMA/33 cmd 0x1f0 ctl 0x3f6 bmdma 0xd000 irq 14
[    1.823559] ata2: PATA max UDMA/33 cmd 0x170 ctl 0x376 bmdma 0xd008 irq 15
[    1.832829] libphy: Fixed MDIO Bus: probed
[    1.836736] tun: Universal TUN/TAP device driver, 1.6
[    1.841633] PPP generic driver version 2.4.2
[    1.845838] ehci_hcd: USB 2.0 'Enhanced' Host Controller (EHCI) Driver
[    1.851861] ehci-pci: EHCI PCI platform driver
[    1.856948] ehci-platform: EHCI generic platform driver
[    1.862252] ohci_hcd: USB 1.1 'Open' Host Controller (OHCI) Driver
[    1.868368] ohci-pci: OHCI PCI platform driver
[    1.873885] ohci-pci 0000:00:06.0: OHCI PCI host controller
[    1.879347] ohci-pci 0000:00:06.0: new USB bus registered, assigned bus number 1
[    1.887428] ohci-pci 0000:00:06.0: irq 22, io mem 0xf0804000
[    1.954932] usb usb1: New USB device found, idVendor=1d6b, idProduct=0001
[    1.962457] usb usb1: New USB device strings: Mfr=3, Product=2, SerialNumber=1
[    1.970241] usb usb1: Product: OHCI PCI host controller
[    1.975234] usb usb1: Manufacturer: Linux 4.15.0-118-generic ohci_hcd
[    1.981598] usb usb1: SerialNumber: 0000:00:06.0
[    1.986148] hub 1-0:1.0: USB hub found
[    2.050407] hub 1-0:1.0: 12 ports detected
[    2.056706] ohci-platform: OHCI generic platform driver
[    2.061325] uhci_hcd: USB Universal Host Controller Interface driver
[    2.066961] i8042: PNP: PS/2 Controller [PNP0303:PS2K,PNP0f03:PS2M] at 0x60,0x64 irq 1,12
[    2.077031] serio: i8042 KBD port at 0x60,0x64 irq 1
[    2.081987] serio: i8042 AUX port at 0x60,0x64 irq 12
[    2.087219] mousedev: PS/2 mouse device common for all mice
[    2.095125] input: AT Translated Set 2 keyboard as /devices/platform/i8042/serio0/input/input2
[    2.105120] rtc_cmos rtc_cmos: rtc core: registered rtc_cmos as rtc0
[    2.111977] rtc_cmos rtc_cmos: alarms up to one day, 114 bytes nvram
[    2.120610] i2c /dev entries driver
[    2.124486] device-mapper: uevent: version 1.0.3
[    2.129258] device-mapper: ioctl: 4.37.0-ioctl (2017-09-20) initialised: dm-devel@redhat.com
[    2.136877] ledtrig-cpu: registered to indicate activity on CPUs
[    2.142763] NET: Registered protocol family 10
[    2.153756] Segment Routing with IPv6
[    2.158384] NET: Registered protocol family 17
[    2.162935] Key type dns_resolver registered
[    2.167484] mce: Using 0 MCE banks
[    2.171517] RAS: Correctable Errors collector initialized.
[    2.177790] sched_clock: Marking stable (2177705689, 0)->(3274872014, -1097166325)
[    2.185271] registered taskstats version 1
[    2.189406] Loading compiled-in X.509 certificates
[    2.196126] Loaded X.509 cert 'Build time autogenerated kernel key: 12f2d460e247d21dc5d156478bb7d4abc0f5a070'
[    2.208150] zswap: loaded using pool lzo/zbud
[    2.217898] Key type big_key registered
[    2.222002] Key type trusted registered
[    2.227697] Key type encrypted registered
[    2.232386] AppArmor: AppArmor sha1 policy hashing enabled
[    2.237989] ima: No TPM chip found, activating TPM-bypass! (rc=-19)
[    2.243962] ima: Allocated hash algorithm: sha1
[    2.249277] evm: HMAC attrs: 0x1
[    2.252777]   Magic number: 12:979:272
[    2.257312] rtc_cmos rtc_cmos: setting system clock to 2020-11-17 09:17:12 UTC (1605604632)
[    2.265527] BIOS EDD facility v0.16 2004-Jun-25, 0 devices found
[    2.271572] EDD information not available.
[    2.280642] Freeing unused kernel image memory: 2436K
[    2.292734] Write protecting the kernel read-only data: 20480k
[    2.300959] Freeing unused kernel image memory: 2008K
[    2.306219] Freeing unused kernel image memory: 1872K
[    2.319060] x86/mm: Checked W+X mappings: passed, no W+X pages found.
Loading, please wait...
starting version 237
[    2.509837] Fusion MPT base driver 3.04.20
[    2.514342] Copyright (c) 1999-2008 LSI Corporation
[    2.539911] e1000: Intel(R) PRO/1000 Network Driver - version 7.3.21-k8-NAPI
[    2.548517] e1000: Copyright (c) 1999-2006 Intel Corporation.
[    2.621485] Fusion MPT SPI Host driver 3.04.20
[    2.627083] vboxvideo: loading out-of-tree module taints kernel.
[    2.640579] vboxvideo: module verification failed: signature and/or required key missing - tainting kernel
[    2.660425] mptbase: ioc0: Initiating bringup
[    2.766761] ioc0: LSI53C1030 A0: Capabilities={Initiator}
[    2.809920] input: ImExPS/2 Generic Explorer Mouse as /devices/platform/i8042/serio1/input/input4
[    3.030193] scsi host2: ioc0: LSI53C1030 A0, FwRev=00000000h, Ports=1, MaxQ=256, IRQ=20
[    3.205881] scsi 2:0:0:0: Direct-Access     VBOX     HARDDISK         1.0  PQ: 0 ANSI: 5
[    3.216549] scsi target2:0:0: Beginning Domain Validation
[    3.222910] random: fast init done
[    3.233104] scsi target2:0:0: Domain Validation skipping write tests
[    3.239524] scsi target2:0:0: Ending Domain Validation
[    3.246565] scsi target2:0:0: asynchronous
[    3.253239] scsi 2:0:1:0: Direct-Access     VBOX     HARDDISK         1.0  PQ: 0 ANSI: 5
[    3.271162] scsi target2:0:1: Beginning Domain Validation
[    3.306244] scsi target2:0:1: Domain Validation skipping write tests
[    3.312341] scsi target2:0:1: Ending Domain Validation
[    3.327838] scsi target2:0:1: asynchronous
[    3.437457] sd 2:0:0:0: [sda] 20971520 512-byte logical blocks: (10.7 GB/10.0 GiB)
[    3.445946] sd 2:0:0:0: Attached scsi generic sg0 type 0
[    3.451498] random: systemd-udevd: uninitialized urandom read (16 bytes read)
[    3.459969] sd 2:0:1:0: Attached scsi generic sg1 type 0
[    3.468362] sd 2:0:0:0: [sda] Write Protect is off
[    3.485468] sd 2:0:1:0: [sdb] 20480 512-byte logical blocks: (10.5 MB/10.0 MiB)
[    3.493442] sd 2:0:0:0: [sda] Incomplete mode parameter data
[    3.499171] sd 2:0:0:0: [sda] Assuming drive cache: write through
[    3.507101] sd 2:0:1:0: [sdb] Write Protect is off
[    3.513586] random: systemd-udevd: uninitialized urandom read (16 bytes read)
[    3.522240] sd 2:0:1:0: [sdb] Incomplete mode parameter data
[    3.528324] sd 2:0:1:0: [sdb] Assuming drive cache: write through
[    3.549148]  sda: sda1
[    3.554689] random: systemd-udevd: uninitialized urandom read (16 bytes read)
[    3.566467] sd 2:0:0:0: [sda] Attached SCSI disk
[    3.574523] sd 2:0:1:0: [sdb] Attached SCSI disk
[    4.252596] e1000 0000:00:03.0 eth0: (PCI:33MHz:32-bit) 02:7d:29:b6:4b:3c
[    4.258587] e1000 0000:00:03.0 eth0: Intel(R) PRO/1000 Network Connection
[    4.266512] [drm] VRAM 01000000
[    4.269555] [TTM] Zone  kernel: Available graphics memory: 504390 kiB
[    4.275110] [TTM] Initializing pool allocator
[    4.279650] [TTM] Initializing DMA pool allocator
[    4.361793] fbcon: vboxdrmfb (fb0) is primary device
[    4.386521] Console: switching to colour frame buffer device 100x37
[    4.418129] vboxvideo 0000:00:02.0: fb0: vboxdrmfb frame buffer device
[    4.421589] [drm] Initialized vboxvideo 1.0.0 20130823 for 0000:00:02.0 on minor 0
[    5.209179] e1000 0000:00:08.0 eth1: (PCI:33MHz:32-bit) 08:00:27:4f:cd:05
[    5.211974] e1000 0000:00:08.0 eth1: Intel(R) PRO/1000 Network Connection
[    5.218365] e1000 0000:00:08.0 enp0s8: renamed from eth1
[    5.234869] e1000 0000:00:03.0 enp0s3: renamed from eth0
Begin: Loading essential drivers ... [    5.460120] raid6: sse2x1   gen()  7884 MB/s
[    5.512376] raid6: sse2x1   xor()  5951 MB/s
[    5.568084] raid6: sse2x2   gen() 10169 MB/s
[    5.620289] raid6: sse2x2   xor()  5340 MB/s
[    5.676208] raid6: sse2x4   gen()  9843 MB/s
[    5.728340] raid6: sse2x4   xor()  6067 MB/s
[    5.734897] raid6: using algorithm sse2x2 gen() 10169 MB/s
[    5.742266] raid6: .... xor() 5340 MB/s, rmw enabled
[    5.749080] raid6: using ssse3x2 recovery algorithm
[    5.757371] xor: measuring software checksum speed
[    5.868195]    prefetch64-sse: 38493.000 MB/sec
[    5.984924]    generic_sse: 37572.000 MB/sec
[    5.992245] xor: using function: prefetch64-sse (38493.000 MB/sec)
[    6.001680] async_tx: api initialized (async)
done.
Begin: Running /scripts/init-premount ... done.
Begin: Mounting root file system ... Begin: Running /scripts/local-top ... done.
Begin: Running /scripts/local-premount ... [    6.088699] Btrfs loaded, crc32c=crc32c-intel
Scanning for Btrfs filesystems
done.
Warning: fsck not present, so skipping root file system
[    6.164030] EXT4-fs (sda1): mounted filesystem with ordered data mode. Opts: (null)
done.
Begin: Running /scripts/local-bottom ... done.
Begin: Running /scripts/init-bottom ... done.
[    6.508171] ip_tables: (C) 2000-2006 Netfilter Core Team
[    6.542914] systemd[1]: systemd 237 running in system mode. (+PAM +AUDIT +SELINUX +IMA +APPARMOR +SMACK +SYSVINIT +UTMP +LIBCRYPTSETUP +GCRYPT +GNUTLS +ACL +XZ +LZ4 +SECCOMP +BLKID +ELFUTILS +KMOD -IDN2 +IDN -PCRE2 default-hierarchy=hybrid)
[    6.575634] systemd[1]: Detected virtualization oracle.
[    6.587227] systemd[1]: Detected architecture x86-64.

Welcome to [1mUbuntu 18.04.5 LTS[0m!

[    6.605671] systemd[1]: Set hostname to <host-c>.
[    7.160893] systemd[1]: Started Forward Password Requests to Wall Directory Watch.
[[0;32m  OK  [0m] Started Forward Password Requests to Wall Directory Watch.
[    7.178235] systemd[1]: Reached target System Time Synchronized.
[[0;32m  OK  [0m] Reached target System Time Synchronized.
[    7.194801] systemd[1]: Reached target Swap.
[[0;32m  OK  [0m] Reached target Swap.
[    7.209978] systemd[1]: Reached target User and Group Name Lookups.
[[0;32m  OK  [0m] Reached target User and Group Name Lookups.
[    7.227067] systemd[1]: Created slice User and Session Slice.
[[0;32m  OK  [0m] Created slice User and Session Slice.
[    7.246092] systemd[1]: Set up automount Arbitrary Executable File Formats File System Automount Point.
[[0;32m  OK  [0m] Set up automount Arbitrary Executab…rmats File System Automount Point.
[[0;32m  OK  [0m] Created slice System Slice.
[[0;32m  OK  [0m] Listening on Syslog Socket.
[[0;32m  OK  [0m] Listening on Journal Socket.
[[0;32m  OK  [0m] Created slice system-serial\x2dgetty.slice.
         Mounting Kernel Debug File System...
         Starting Load Kernel Modules...
[[0;32m  OK  [0m] Listening on Device-mapper event daemon FIFOs.
         Starting Uncomplicated firewall...
         Starting Create list of required st…ce nodes for the current kernel...
[    7.350467] Loading iSCSI transport class v2.0-870.
[[0;32m  OK  [0m] Listening on Journal Audit Socket.
         Starting Remount Root and Kernel File Systems...
[[0;32m  OK  [0m] Listening on /dev/initctl Compatibility Named Pipe.
[[0;32m  OK  [0m] Listening on udev Control Socket.
[[0;32m  OK  [0m] Listening on udev Kernel Socket.[    7.409319] iscsi: registered transport (tcp)

         Mounting POSIX Message Queue File System...
[[0;32m  OK  [0m] Listening on LVM2 poll daemon socket.
[    7.436511] EXT4-fs (sda1): re-mounted. Opts: (null)
[[0;32m  OK  [0m] Listening on Journal Socket (/dev/log).
         Starting Journal Service...
[[0;32m  OK  [0m] Listening on LVM2 metadata daemon socket.
         Starting Monitoring of LVM2 mirrors…ng dmeventd or progress polling...
[[0;32m  OK  [0m] Reached target Slices.
         Starting udev Coldplug all Devices...
[[0;32m  OK  [0m] Listening on Network Service Netlink Socket.
         Starting Set the console keyboard layout...
         Mounting Huge Pages File System...
[[0;32m  OK  [0m] Mounted Kernel Debug File System.
[[0;32m  OK  [0m] Started Uncomplicated firewall.
[[0;32m  OK  [0m] Started Create list of required sta…vice nodes for the current kernel.
[[0;32m  OK  [0m] Started Remount Root and Kernel File Systems.
[[0;32m  OK  [0m] Mounted POSIX Message Queue File System.
[[0;32m  OK  [0m] Mounted Huge Pages File System.
         Starting Load/Save Random Seed...
         Starting Create Static Device Nodes in /dev...
[[0;32m  OK  [0m] Started Journal Service.[    7.676728] iscsi: registered transport (iser)

[[0;32m  OK  [0m] Started LVM2 metadata daemon.
         Starting Flush Journal to Persistent Storage...
[[0;32m  OK  [0m] Started Load/Save Random Seed.
[    7.757697] systemd-journald[383]: Received request to flush runtime journal from PID 1
[[0;32m  OK  [0m] Started Load Kernel Modules.
         Starting Apply Kernel Variables...
         Mounting Kernel Configuration File System...
         Mounting FUSE Control File System...
[[0;32m  OK  [0m] Started Monitoring of LVM2 mirrors,…sing dmeventd or progress polling.
[[0;32m  OK  [0m] Mounted Kernel Configuration File System.
[[0;32m  OK  [0m] Mounted FUSE Control File System.
[[0;32m  OK  [0m] Started Create Static Device Nodes in /dev.
         Starting udev Kernel Device Manager...
[[0;32m  OK  [0m] Started Apply Kernel Variables.
[[0;32m  OK  [0m] Started udev Coldplug all Devices.
[[0;32m  OK  [0m] Started Flush Journal to Persistent Storage.
[[0;32m  OK  [0m] Started udev Kernel Device Manager.
[[0;32m  OK  [0m] Started Set the console keyboard layout.
[[0;32m  OK  [0m] Started Dispatch Password Requests to Console Directory Watch.
[[0;32m  OK  [0m] Reached target Local Encrypted Volumes.
[[0;32m  OK  [0m] Reached target Local File Systems (Pre).
         Mounting /vagrant...
[[0;32m  OK  [0m] Reached target Local File Systems.
         Starting AppArmor initialization...
         Starting Create Volatile Files and Directories...
         Starting Set console font and keymap...
         Starting Tell Plymouth To Write Out Runtime Data...
         Starting ebtables ruleset management...
[[0;32m  OK  [0m] Mounted /vagrant.
[[0;32m  OK  [0m] Started Set console font and keymap.
[[0;32m  OK  [0m] Started Tell Plymouth To Write Out Runtime Data.
[[0;32m  OK  [0m] Started Create Volatile Files and Directories.
         Starting Update UTMP about System Boot/Shutdown...
[[0;32m  OK  [0m] Started Update UTMP about System Boot/Shutdown.
[[0;32m  OK  [0m] Started ebtables ruleset management.
[[0;32m  OK  [0m] Started AppArmor initialization.
         Starting Load AppArmor profiles managed internally by snapd...
         Starting Initial cloud-init job (pre-networking)...
[[0;32m  OK  [0m] Started Load AppArmor profiles managed internally by snapd.
[[0;32m  OK  [0m] Found device /dev/ttyS0.
[[0;32m  OK  [0m] Listening on Load/Save RF Kill Switch Status /dev/rfkill Watch.
[   11.360185] cloud-init[493]: Cloud-init v. 20.3-2-g371b392c-0ubuntu1~18.04.1 running 'init-local' at Tue, 17 Nov 2020 09:17:21 +0000. Up 11.11 seconds.
[[0;32m  OK  [0m] Started Initial cloud-init job (pre-networking).
[[0;32m  OK  [0m] Reached target Network (Pre).
         Starting Network Service...
[[0;32m  OK  [0m] Started Network Service.
         Starting Network Name Resolution...
         Starting Wait for Network to be Configured...
[[0;32m  OK  [0m] Started Network Name Resolution.
[[0;32m  OK  [0m] Reached target Host and Network Name Lookups.
[[0;32m  OK  [0m] Reached target Network.
[[0;32m  OK  [0m] Started Wait for Network to be Configured.
         Starting Initial cloud-init job (metadata service crawler)...
[   14.125395] cloud-init[674]: Cloud-init v. 20.3-2-g371b392c-0ubuntu1~18.04.1 running 'init' at Tue, 17 Nov 2020 09:17:24 +0000. Up 13.99 seconds.
[   14.138258] cloud-init[674]: ci-info: ++++++++++++++++++++++++++++++++++++++Net device info+++++++++++++++++++++++++++++++++++++++
[   14.148068] cloud-init[674]: ci-info: +--------+-------+----------------------------+---------------+--------+-------------------+
[   14.159607] cloud-init[674]: ci-info: | Device |   Up  |          Address           |      Mask     | Scope  |     Hw-Address    |
[   14.173449] cloud-init[674]: ci-info: +--------+-------+----------------------------+---------------+--------+-------------------+
[   14.185448] cloud-init[674]: ci-info: | enp0s3 |  True |         10.0.2.15          | 255.255.255.0 | global | 02:7d:29:b6:4b:3c |
[   14.197308] cloud-init[674]: ci-info: | enp0s3 |  True | fe80::7d:29ff:feb6:4b3c/64 |       .       |  link  | 02:7d:29:b6:4b:3c |
[   14.206020] cloud-init[674]: ci-info: | enp0s8 | False |             .              |       .       |   .    | 08:00:27:4f:cd:05 |
[   14.214109] cloud-init[674]: ci-info: |   lo   |  True |         127.0.0.1          |   255.0.0.0   |  host  |         .         |
[   14.226720] cloud-init[674]: ci-info: |   lo   |  True |          ::1/128           |       .       |  host  |         .         |
[   14.240329] cloud-init[674]: ci-info: +--------+-------+----------------------------+---------------+--------+-------------------+
[   14.247815] cloud-init[674]: ci-info: ++++++++++++++++++++++++++++Route IPv4 info+++++++++++++++++++++++++++++
[   14.254799] cloud-init[674]: ci-info: +-------+-------------+----------+-----------------+-----------+-------+
[   14.261780] cloud-init[674]: ci-info: | Route | Destination | Gateway  |     Genmask     | Interface | Flags |
[   14.270810] cloud-init[674]: ci-info: +-------+-------------+----------+-----------------+-----------+-------+
[   14.282530] cloud-init[674]: ci-info: |   0   |   0.0.0.0   | 10.0.2.2 |     0.0.0.0     |   enp0s3  |   UG  |
[   14.291404] cloud-init[674]: ci-info: |   1   |   10.0.2.0  | 0.0.0.0  |  255.255.255.0  |   enp0s3  |   U   |
[   14.301958] cloud-init[674]: ci-info: |   2   |   10.0.2.2  | 0.0.0.0  | 255.255.255.255 |   enp0s3  |   UH  |
[   14.310168] cloud-init[674]: ci-info: +-------+-------------+----------+-----------------+-----------+-------+
[   14.325540] cloud-init[674]: ci-info: +++++++++++++++++++Route IPv6 info+++++++++++++++++++
[   14.332849] cloud-init[674]: ci-info: +-------+-------------+---------+-----------+-------+
[   14.340707] cloud-init[674]: ci-info: | Route | Destination | Gateway | Interface | Flags |
[   14.363368] cloud-init[674]: ci-info: +-------+-------------+---------+-----------+-------+
[   14.374853] cloud-init[674]: ci-info: |   1   |  fe80::/64  |    ::   |   enp0s3  |   U   |
[   14.384877] cloud-init[674]: ci-info: |   3   |    local    |    ::   |   enp0s3  |   U   |
[   14.397151] cloud-init[674]: ci-info: |   4   |   ff00::/8  |    ::   |   enp0s3  |   U   |
[   14.409582] cloud-init[674]: ci-info: +-------+-------------+---------+-----------+-------+
[[0;32m  OK  [0m] Started Initial cloud-init job (metadata service crawler).
[[0;32m  OK  [0m] Reached target System Initialization.
[[0;32m  OK  [0m] Listening on D-Bus System Message Bus Socket.
         Starting Docker Socket for the API.
[[0;32m  OK  [0m] Listening on Open-iSCSI iscsid Socket.
[[0;32m  OK  [0m] Listening on UUID daemon activation socket.
         Starting LXD - unix socket.
[[0;32m  OK  [0m] Listening on ACPID Listen Socket.
[[0;32m  OK  [0m] Started Message of the Day.
[[0;32m  OK  [0m] Started Discard unused blocks once a week.
[[0;32m  OK  [0m] Started ACPI Events Check.
[[0;32m  OK  [0m] Reached target Paths.
[[0;32m  OK  [0m] Started Daily Cleanup of Temporary Directories.
         Starting Socket activation for snappy daemon.
[[0;32m  OK  [0m] Started Daily apt download activities.
[[0;32m  OK  [0m] Started Daily apt upgrade and clean activities.
[[0;32m  OK  [0m] Reached target Timers.
[[0;32m  OK  [0m] Reached target Cloud-config availability.
[[0;32m  OK  [0m] Reached target Network is Online.
[[0;32m  OK  [0m] Reached target Remote File Systems (Pre).
[[0;32m  OK  [0m] Reached target Remote File Systems.
         Starting Availability of block devices...
[[0;32m  OK  [0m] Listening on Docker Socket for the API.
[[0;32m  OK  [0m] Listening on LXD - unix socket.
[[0;32m  OK  [0m] Listening on Socket activation for snappy daemon.
[[0;32m  OK  [0m] Started Availability of block devices.
[[0;32m  OK  [0m] Reached target Sockets.
[[0;32m  OK  [0m] Reached target Basic System.
         Starting Message of the Day...
[[0;32m  OK  [0m] Started D-Bus System Message Bus.
         Starting Login Service...
         Starting System Logging Service...
[[0;32m  OK  [0m] Started FUSE filesystem for LXC.
         Starting Permit User Sessions...
[[0;32m  OK  [0m] Started irqbalance daemon.
         Starting LSB: Record successful boot for GRUB...
         Starting Dispatcher daemon for systemd-networkd...
         Starting OpenBSD Secure Shell server...
         Starting LSB: automatic crash report generation...
         Starting Snap Daemon...
[[0;32m  OK  [0m] Started Regular background program processing daemon.
         Starting vboxadd.service...
[[0;32m  OK  [0m] Started Deferred execution scheduler.
         Starting LXD - container startup/shutdown...
         Starting Discard unused blocks...
         Starting containerd container runtime...
         Starting Accounts Service...
[[0;32m  OK  [0m] Started System Logging Service.
[[0;32m  OK  [0m] Started Permit User Sessions.
[[0;32m  OK  [0m] Started Discard unused blocks.
[[0;32m  OK  [0m] Started Login Service.
[[0;32m  OK  [0m] Started Unattended Upgrades Shutdown.
         Starting Terminate Plymouth Boot Screen...
         Starting Hold until boot process finishes up...
[[0;32m  OK  [0m] Started Hold until boot process finishes up.
[[0;32m  OK  [0m] Started Terminate Plymouth Boot Screen.
         Starting Set console scheme...
[[0;32m  OK  [0m] Started Serial Getty on ttyS0.
[[0;32m  OK  [0m] Started OpenBSD Secure Shell server.
[[0;32m  OK  [0m] Started Set console scheme.
[[0;32m  OK  [0m] Created slice system-getty.slice.
[[0;32m  OK  [0m] Started Getty on tty1.
[[0;32m  OK  [0m] Reached target Login Prompts.
         Starting Authorization Manager...
[[0;32m  OK  [0m] Started LSB: Record successful boot for GRUB.
[[0;32m  OK  [0m] Started LSB: automatic crash report generation.
[[0;32m  OK  [0m] Started Authorization Manager.
[[0;32m  OK  [0m] Started Accounts Service.
[[0;32m  OK  [0m] Started LXD - container startup/shutdown.
[[0;32m  OK  [0m] Created slice User Slice of vagrant.
         Starting User Manager for UID 1000...
[[0;32m  OK  [0m] Started Session 1 of user vagrant.
[[0;32m  OK  [0m] Started Dispatcher daemon for systemd-networkd.
[[0;32m  OK  [0m] Started User Manager for UID 1000.
[[0;32m  OK  [0m] Started Snap Daemon.
         Starting Wait until snapd is fully seeded...
[[0;32m  OK  [0m] Started Wait until snapd is fully seeded.
         Starting Apply the settings specified in cloud-config...
[[0;32m  OK  [0m] Started containerd container runtime.
         Starting Docker Application Container Engine...
[   20.771185] cloud-init[1027]: Cloud-init v. 20.3-2-g371b392c-0ubuntu1~18.04.1 running 'modules:config' at Tue, 17 Nov 2020 09:17:30 +0000. Up 19.87 seconds.

Ubuntu 18.04.5 LTS host-c ttyS0

host-c login: [   24.459252] cloud-init[1604]: Cloud-init v. 20.3-2-g371b392c-0ubuntu1~18.04.1 running 'modules:final' at Tue, 17 Nov 2020 09:17:34 +0000. Up 24.31 seconds.
[   24.481196] cloud-init[1604]: Cloud-init v. 20.3-2-g371b392c-0ubuntu1~18.04.1 finished at Tue, 17 Nov 2020 09:17:34 +0000. Datasource DataSourceNoCloud [seed=/dev/sdb][ds         Stopping Accounts Service...
[[0;32m  OK  [0m] Stopped Accounts Service.
         Starting Accounts Service...
[[0;32m  OK  [0m] Started Accounts Service.
         Stopping LSB: automatic crash report generation...
[[0;32m  OK  [0m] Stopped LSB: automatic crash report generation.
         Starting LSB: automatic crash report generation...
[[0;32m  OK  [0m] Started LSB: automatic crash report generation.
         Starting Cleanup of Temporary Directories...
[         Starting Cleanup of Temporary Directories...
[ 1003.[ 4065.147347] Out of memory: Kill process 2433 (unattended-upgr) score 267 or sacrifice child
[ 4065.151800] Killed process 11624 (unattended-upgr) total-vm:409748kB, anon-rss:64268kB, file-rss:0kB, shmem-rss:0kB
[[0;32m  OK  [0m] Started Daily apt upgrade and clean activities.
 [0m] Started Daily apt upgrade and clean activities.
